\BOOKMARK [0][-]{chapter*.4}{\376\377\000L\001\063\000s\000t\000\040\000v\000a\000n\000\040\000f\000i\000g\000u\000r\000e\000n}{}% 1
\BOOKMARK [0][-]{chapter*.5}{\376\377\000L\001\063\000s\000t\000\040\000v\000a\000n\000\040\000t\000a\000b\000e\000l\000l\000e\000n}{}% 2
\BOOKMARK [0][-]{section*.6}{\376\377\000L\000i\000j\000s\000t\000\040\000v\000a\000n\000\040\000c\000o\000d\000e\000f\000r\000a\000g\000m\000e\000n\000t\000e\000n\000\040}{}% 3
\BOOKMARK [0][-]{chapter.1}{\376\377\000I\000n\000l\000e\000i\000d\000i\000n\000g}{}% 4
\BOOKMARK [1][-]{section.1.1}{\376\377\000P\000r\000o\000b\000l\000e\000e\000m\000s\000t\000e\000l\000l\000i\000n\000g}{chapter.1}% 5
\BOOKMARK [1][-]{section.1.2}{\376\377\000O\000n\000d\000e\000r\000z\000o\000e\000k\000s\000v\000r\000a\000a\000g}{chapter.1}% 6
\BOOKMARK [1][-]{section.1.3}{\376\377\000O\000n\000d\000e\000r\000z\000o\000e\000k\000s\000d\000o\000e\000l\000s\000t\000e\000l\000l\000i\000n\000g}{chapter.1}% 7
\BOOKMARK [1][-]{section.1.4}{\376\377\000O\000p\000z\000e\000t\000\040\000v\000a\000n\000\040\000d\000e\000z\000e\000\040\000g\000r\000a\000d\000u\000a\000a\000t\000s\000p\000r\000o\000e\000f}{chapter.1}% 8
\BOOKMARK [0][-]{chapter.2}{\376\377\000S\000t\000a\000n\000d\000\040\000v\000a\000n\000\040\000z\000a\000k\000e\000n}{}% 9
\BOOKMARK [1][-]{section.2.1}{\376\377\000S\000t\000a\000n\000d\000\040\000v\000a\000n\000\040\000Z\000a\000k\000e\000n}{chapter.2}% 10
\BOOKMARK [0][-]{chapter.3}{\376\377\000M\000e\000t\000h\000o\000d\000o\000l\000o\000g\000i\000e}{}% 11
\BOOKMARK [1][-]{section.3.1}{\376\377\000O\000n\000t\000w\000e\000r\000p\000\040\000m\000e\000t\000\040\000A\000p\000i\000d\000o\000g}{chapter.3}% 12
\BOOKMARK [1][-]{section.3.2}{\376\377\000I\000m\000p\000l\000e\000m\000e\000n\000t\000a\000t\000i\000e\000\040\000m\000e\000t\000\040\000S\000p\000r\000i\000n\000g\000\040\000B\000o\000o\000t}{chapter.3}% 13
\BOOKMARK [0][-]{chapter.4}{\376\377\000O\000n\000t\000w\000e\000r\000p\000\040\000m\000e\000t\000\040\000A\000p\000i\000d\000o\000g}{}% 14
\BOOKMARK [0][-]{chapter.5}{\376\377\000S\000p\000r\000i\000n\000g\000\040\000B\000o\000o\000t}{}% 15
\BOOKMARK [1][-]{subsection.5.0.1}{\376\377\000I\000m\000p\000l\000e\000m\000e\000n\000t\000a\000t\000i\000e\000\040\000v\000a\000n\000\040\000d\000e\000\040\000c\000o\000n\000t\000r\000o\000l\000l\000e\000r\000s}{chapter.5}% 16
\BOOKMARK [2][-]{subsection.5.0.2}{\376\377\000D\000T\000O\000-\000t\000r\000a\000n\000s\000f\000o\000r\000m\000a\000t\000i\000e\000\040\000m\000e\000t\000\040\000M\000a\000p\000S\000t\000r\000u\000c\000t\000\040\000i\000n\000\040\000d\000e\000\040\000c\000o\000n\000t\000r\000o\000l\000l\000e\000r\000l\000a\000a\000g}{subsection.5.0.1}% 17
\BOOKMARK [2][-]{subsection.5.0.3}{\376\377\000G\000e\000b\000r\000u\000i\000k\000\040\000v\000a\000n\000\040\000J\000a\000k\000a\000r\000t\000a\000\040\000e\000n\000\040\000L\000o\000m\000b\000o\000k\000\040\000i\000n\000\040\000d\000o\000m\000e\000i\000n\000m\000o\000d\000e\000l\000l\000e\000n}{subsection.5.0.1}% 18
\BOOKMARK [2][-]{subsection.5.0.4}{\376\377\000S\000e\000r\000v\000i\000c\000e\000l\000a\000a\000g}{subsection.5.0.1}% 19
\BOOKMARK [2][-]{subsection.5.0.5}{\376\377\000R\000e\000p\000o\000s\000i\000t\000o\000r\000i\000e\000l\000a\000a\000g}{subsection.5.0.1}% 20
\BOOKMARK [2][-]{subsection.5.0.6}{\376\377\000D\000a\000t\000a\000b\000a\000s\000e\000b\000e\000h\000e\000e\000r\000\040\000m\000e\000t\000\040\000L\000i\000q\000u\000i\000b\000a\000s\000e}{subsection.5.0.1}% 21
\BOOKMARK [0][-]{chapter.6}{\376\377\000C\000o\000n\000c\000l\000u\000s\000i\000e}{}% 22
